<?xml version="1.0" encoding="UTF-8"?>
<testng-results ignored="0" total="1" passed="1" failed="0" skipped="0">
  <reporter-output>
  </reporter-output>
  <suite started-at="2024-07-09T13:52:35 IST" name="Default suite" finished-at="2024-07-09T13:52:36 IST" duration-ms="1195">
    <groups>
    </groups>
    <test started-at="2024-07-09T13:52:35 IST" name="Default test" finished-at="2024-07-09T13:52:36 IST" duration-ms="1195">
      <class name="com.api.test.GetAPITest">
        <test-method is-config="true" signature="setUp()[pri:0, instance:com.api.test.GetAPITest@9597028]" started-at="2024-07-09T13:52:35 IST" name="setUp" finished-at="2024-07-09T13:52:35 IST" duration-ms="11" status="PASS">
          <reporter-output>
          </reporter-output>
        </test-method> <!-- setUp -->
        <test-method signature="getAPITest()[pri:0, instance:com.api.test.GetAPITest@9597028]" started-at="2024-07-09T13:52:35 IST" name="getAPITest" finished-at="2024-07-09T13:52:36 IST" duration-ms="1115" status="PASS">
          <reporter-output>
          </reporter-output>
        </test-method> <!-- getAPITest -->
      </class> <!-- com.api.test.GetAPITest -->
    </test> <!-- Default test -->
  </suite> <!-- Default suite -->
</testng-results>
